# JRE version: Java(TM) SE Runtime Environment (8.0-b132) (build 1.8.0-b132)
# Java VM: Java HotSpot(TM) 64-Bit Server VM (25.0-b70 mixed mode windows-amd64 compressed oops)
Heap:
 PSYoungGen      total 14848K, used 1172K [0x00000000d5800000, 0x00000000d7000000, 0x0000000100000000)
  eden space 13312K, 3% used [0x00000000d5800000,0x00000000d58653d8,0x00000000d6500000)
  from space 1536K, 50% used [0x00000000d6500000,0x00000000d65c0000,0x00000000d6680000)
  to   space 1536K, 0% used [0x00000000d6e80000,0x00000000d6e80000,0x00000000d7000000)
 ParOldGen       total 129536K, used 3614K [0x0000000080800000, 0x0000000088680000, 0x00000000d5800000)
  object space 129536K, 2% used [0x0000000080800000,0x0000000080b878d8,0x0000000088680000)
 Metaspace       used 10462K, capacity 10544K, committed 10752K, reserved 1058816K
  class space    used 1209K, capacity 1228K, committed 1280K, reserved 1048576K
GC Heap History (10 events):
Event: 0.378 GC heap before
{Heap before GC invocations=7 (full 0):
 PSYoungGen      total 5120K, used 4633K [0x00000000d5800000, 0x00000000d5e00000, 0x0000000100000000)
  eden space 4096K, 100% used [0x00000000d5800000,0x00000000d5c00000,0x00000000d5c00000)
  from space 1024K, 52% used [0x00000000d5d00000,0x00000000d5d86430,0x00000000d5e00000)
  to   space 1024K, 0% used [0x00000000d5c00000,0x00000000d5c00000,0x00000000d5d00000)
 ParOldGen       total 129536K, used 3044K [0x0000000080800000, 0x0000000088680000, 0x00000000d5800000)
  object space 129536K, 2% used [0x0000000080800000,0x0000000080af9110,0x0000000088680000)
 Metaspace       used 7048K, capacity 7114K, committed 7296K, reserved 1056768K
  class space    used 765K, capacity 810K, committed 896K, reserved 1048576K
Event: 0.381 GC heap after
Heap after GC invocations=7 (full 0):
 PSYoungGen      total 5120K, used 377K [0x00000000d5800000, 0x00000000d6200000, 0x0000000100000000)
  eden space 4096K, 0% used [0x00000000d5800000,0x00000000d5800000,0x00000000d5c00000)
  from space 1024K, 36% used [0x00000000d5c00000,0x00000000d5c5e430,0x00000000d5d00000)
  to   space 1024K, 0% used [0x00000000d6100000,0x00000000d6100000,0x00000000d6200000)
 ParOldGen       total 129536K, used 3196K [0x0000000080800000, 0x0000000088680000, 0x00000000d5800000)
  object space 129536K, 2% used [0x0000000080800000,0x0000000080b1f110,0x0000000088680000)
 Metaspace       used 7048K, capacity 7114K, committed 7296K, reserved 1056768K
  class space    used 765K, capacity 810K, committed 896K, reserved 1048576K
}
Event: 0.418 GC heap before
{Heap before GC invocations=8 (full 0):
 PSYoungGen      total 5120K, used 4473K [0x00000000d5800000, 0x00000000d6200000, 0x0000000100000000)
  eden space 4096K, 100% used [0x00000000d5800000,0x00000000d5c00000,0x00000000d5c00000)
  from space 1024K, 36% used [0x00000000d5c00000,0x00000000d5c5e430,0x00000000d5d00000)
  to   space 1024K, 0% used [0x00000000d6100000,0x00000000d6100000,0x00000000d6200000)
 ParOldGen       total 129536K, used 3196K [0x0000000080800000, 0x0000000088680000, 0x00000000d5800000)
  object space 129536K, 2% used [0x0000000080800000,0x0000000080b1f110,0x0000000088680000)
 Metaspace       used 7048K, capacity 7114K, committed 7296K, reserved 1056768K
  class space    used 765K, capacity 810K, committed 896K, reserved 1048576K
Event: 0.419 GC heap after
Heap after GC invocations=8 (full 0):
 PSYoungGen      total 9216K, used 249K [0x00000000d5800000, 0x00000000d6200000, 0x0000000100000000)
  eden space 8192K, 0% used [0x00000000d5800000,0x00000000d5800000,0x00000000d6000000)
  from space 1024K, 24% used [0x00000000d6100000,0x00000000d613e430,0x00000000d6200000)
  to   space 1024K, 0% used [0x00000000d6000000,0x00000000d6000000,0x00000000d6100000)
 ParOldGen       total 129536K, used 3340K [0x0000000080800000, 0x0000000088680000, 0x00000000d5800000)
  object space 129536K, 2% used [0x0000000080800000,0x0000000080b43110,0x0000000088680000)
 Metaspace       used 7048K, capacity 7114K, committed 7296K, reserved 1056768K
  class space    used 765K, capacity 810K, committed 896K, reserved 1048576K
}
Event: 0.516 GC heap before
{Heap before GC invocations=9 (full 0):
 PSYoungGen      total 9216K, used 8441K [0x00000000d5800000, 0x00000000d6200000, 0x0000000100000000)
  eden space 8192K, 100% used [0x00000000d5800000,0x00000000d6000000,0x00000000d6000000)
  from space 1024K, 24% used [0x00000000d6100000,0x00000000d613e430,0x00000000d6200000)
  to   space 1024K, 0% used [0x00000000d6000000,0x00000000d6000000,0x00000000d6100000)
 ParOldGen       total 129536K, used 3340K [0x0000000080800000, 0x0000000088680000, 0x00000000d5800000)
  object space 129536K, 2% used [0x0000000080800000,0x0000000080b43110,0x0000000088680000)
 Metaspace       used 7059K, capacity 7114K, committed 7296K, reserved 1056768K
  class space    used 766K, capacity 810K, committed 896K, reserved 1048576K
Event: 0.517 GC heap after
Heap after GC invocations=9 (full 0):
 PSYoungGen      total 9216K, used 128K [0x00000000d5800000, 0x00000000d6800000, 0x0000000100000000)
  eden space 8192K, 0% used [0x00000000d5800000,0x00000000d5800000,0x00000000d6000000)
  from space 1024K, 12% used [0x00000000d6000000,0x00000000d6020000,0x00000000d6100000)
  to   space 1536K, 0% used [0x00000000d6680000,0x00000000d6680000,0x00000000d6800000)
 ParOldGen       total 129536K, used 3581K [0x0000000080800000, 0x0000000088680000, 0x00000000d5800000)
  object space 129536K, 2% used [0x0000000080800000,0x0000000080b7f540,0x0000000088680000)
 Metaspace       used 7059K, capacity 7114K, committed 7296K, reserved 1056768K
  class space    used 766K, capacity 810K, committed 896K, reserved 1048576K
}
Event: 0.591 GC heap before
{Heap before GC invocations=10 (full 0):
 PSYoungGen      total 9216K, used 8320K [0x00000000d5800000, 0x00000000d6800000, 0x0000000100000000)
  eden space 8192K, 100% used [0x00000000d5800000,0x00000000d6000000,0x00000000d6000000)
  from space 1024K, 12% used [0x00000000d6000000,0x00000000d6020000,0x00000000d6100000)
  to   space 1536K, 0% used [0x00000000d6680000,0x00000000d6680000,0x00000000d6800000)
 ParOldGen       total 129536K, used 3581K [0x0000000080800000, 0x0000000088680000, 0x00000000d5800000)
  object space 129536K, 2% used [0x0000000080800000,0x0000000080b7f540,0x0000000088680000)
 Metaspace       used 7059K, capacity 7114K, committed 7296K, reserved 1056768K
  class space    used 766K, capacity 810K, committed 896K, reserved 1048576K
Event: 0.593 GC heap after
Heap after GC invocations=10 (full 0):
 PSYoungGen      total 14848K, used 64K [0x00000000d5800000, 0x00000000d6800000, 0x0000000100000000)
  eden space 13312K, 0% used [0x00000000d5800000,0x00000000d5800000,0x00000000d6500000)
  from space 1536K, 4% used [0x00000000d6680000,0x00000000d6690000,0x00000000d6800000)
  to   space 1536K, 0% used [0x00000000d6500000,0x00000000d6500000,0x00000000d6680000)
 ParOldGen       total 129536K, used 3589K [0x0000000080800000, 0x0000000088680000, 0x00000000d5800000)
  object space 129536K, 2% used [0x0000000080800000,0x0000000080b81540,0x0000000088680000)
 Metaspace       used 7059K, capacity 7114K, committed 7296K, reserved 1056768K
  class space    used 766K, capacity 810K, committed 896K, reserved 1048576K
}
Event: 0.903 GC heap before
{Heap before GC invocations=11 (full 0):
 PSYoungGen      total 14848K, used 13376K [0x00000000d5800000, 0x00000000d6800000, 0x0000000100000000)
  eden space 13312K, 100% used [0x00000000d5800000,0x00000000d6500000,0x00000000d6500000)
  from space 1536K, 4% used [0x00000000d6680000,0x00000000d6690000,0x00000000d6800000)
  to   space 1536K, 0% used [0x00000000d6500000,0x00000000d6500000,0x00000000d6680000)
 ParOldGen       total 129536K, used 3590K [0x0000000080800000, 0x0000000088680000, 0x00000000d5800000)
  object space 129536K, 2% used [0x0000000080800000,0x0000000080b818d8,0x0000000088680000)
 Metaspace       used 10462K, capacity 10544K, committed 10752K, reserved 1058816K
  class space    used 1209K, capacity 1228K, committed 1280K, reserved 1048576K
Event: 0.905 GC heap after
Heap after GC invocations=11 (full 0):
 PSYoungGen      total 14848K, used 768K [0x00000000d5800000, 0x00000000d7000000, 0x0000000100000000)
  eden space 13312K, 0% used [0x00000000d5800000,0x00000000d5800000,0x00000000d6500000)
  from space 1536K, 50% used [0x00000000d6500000,0x00000000d65c0000,0x00000000d6680000)
  to   space 1536K, 0% used [0x00000000d6e80000,0x00000000d6e80000,0x00000000d7000000)
 ParOldGen       total 129536K, used 3614K [0x0000000080800000, 0x0000000088680000, 0x00000000d5800000)
  object space 129536K, 2% used [0x0000000080800000,0x0000000080b878d8,0x0000000088680000)
 Metaspace       used 10462K, capacity 10544K, committed 10752K, reserved 1058816K
  class space    used 1209K, capacity 1228K, committed 1280K, reserved 1048576K
}

