# JRE version: Java(TM) SE Runtime Environment (8.0-b132) (build 1.8.0-b132)
# Java VM: Java HotSpot(TM) 64-Bit Server VM (25.0-b70 mixed mode windows-amd64 compressed oops)
Heap:
 PSYoungGen      total 14848K, used 1703K [0x00000000d5800000, 0x00000000d7000000, 0x0000000100000000)
  eden space 13312K, 7% used [0x00000000d5800000,0x00000000d58ebcf8,0x00000000d6500000)
  from space 1536K, 49% used [0x00000000d6500000,0x00000000d65be1a8,0x00000000d6680000)
  to   space 1536K, 0% used [0x00000000d6e80000,0x00000000d6e80000,0x00000000d7000000)
 ParOldGen       total 129536K, used 3631K [0x0000000080800000, 0x0000000088680000, 0x00000000d5800000)
  object space 129536K, 2% used [0x0000000080800000,0x0000000080b8bfa0,0x0000000088680000)
 Metaspace       used 10478K, capacity 10544K, committed 10752K, reserved 1058816K
  class space    used 1209K, capacity 1228K, committed 1280K, reserved 1048576K
GC Heap History (10 events):
Event: 0.401 GC heap before
{Heap before GC invocations=7 (full 0):
 PSYoungGen      total 5120K, used 4633K [0x00000000d5800000, 0x00000000d5e00000, 0x0000000100000000)
  eden space 4096K, 100% used [0x00000000d5800000,0x00000000d5c00000,0x00000000d5c00000)
  from space 1024K, 52% used [0x00000000d5d00000,0x00000000d5d86430,0x00000000d5e00000)
  to   space 1024K, 0% used [0x00000000d5c00000,0x00000000d5c00000,0x00000000d5d00000)
 ParOldGen       total 129536K, used 3050K [0x0000000080800000, 0x0000000088680000, 0x00000000d5800000)
  object space 129536K, 2% used [0x0000000080800000,0x0000000080afab50,0x0000000088680000)
 Metaspace       used 7058K, capacity 7178K, committed 7296K, reserved 1056768K
  class space    used 765K, capacity 810K, committed 896K, reserved 1048576K
Event: 0.410 GC heap after
Heap after GC invocations=7 (full 0):
 PSYoungGen      total 5120K, used 441K [0x00000000d5800000, 0x00000000d6200000, 0x0000000100000000)
  eden space 4096K, 0% used [0x00000000d5800000,0x00000000d5800000,0x00000000d5c00000)
  from space 1024K, 43% used [0x00000000d5c00000,0x00000000d5c6e430,0x00000000d5d00000)
  to   space 1024K, 0% used [0x00000000d6100000,0x00000000d6100000,0x00000000d6200000)
 ParOldGen       total 129536K, used 3202K [0x0000000080800000, 0x0000000088680000, 0x00000000d5800000)
  object space 129536K, 2% used [0x0000000080800000,0x0000000080b20b60,0x0000000088680000)
 Metaspace       used 7058K, capacity 7178K, committed 7296K, reserved 1056768K
  class space    used 765K, capacity 810K, committed 896K, reserved 1048576K
}
Event: 0.459 GC heap before
{Heap before GC invocations=8 (full 0):
 PSYoungGen      total 5120K, used 4537K [0x00000000d5800000, 0x00000000d6200000, 0x0000000100000000)
  eden space 4096K, 100% used [0x00000000d5800000,0x00000000d5c00000,0x00000000d5c00000)
  from space 1024K, 43% used [0x00000000d5c00000,0x00000000d5c6e430,0x00000000d5d00000)
  to   space 1024K, 0% used [0x00000000d6100000,0x00000000d6100000,0x00000000d6200000)
 ParOldGen       total 129536K, used 3202K [0x0000000080800000, 0x0000000088680000, 0x00000000d5800000)
  object space 129536K, 2% used [0x0000000080800000,0x0000000080b20b60,0x0000000088680000)
 Metaspace       used 7058K, capacity 7178K, committed 7296K, reserved 1056768K
  class space    used 765K, capacity 810K, committed 896K, reserved 1048576K
Event: 0.467 GC heap after
Heap after GC invocations=8 (full 0):
 PSYoungGen      total 9216K, used 249K [0x00000000d5800000, 0x00000000d6200000, 0x0000000100000000)
  eden space 8192K, 0% used [0x00000000d5800000,0x00000000d5800000,0x00000000d6000000)
  from space 1024K, 24% used [0x00000000d6100000,0x00000000d613e430,0x00000000d6200000)
  to   space 1024K, 0% used [0x00000000d6000000,0x00000000d6000000,0x00000000d6100000)
 ParOldGen       total 129536K, used 3354K [0x0000000080800000, 0x0000000088680000, 0x00000000d5800000)
  object space 129536K, 2% used [0x0000000080800000,0x0000000080b46b60,0x0000000088680000)
 Metaspace       used 7058K, capacity 7178K, committed 7296K, reserved 1056768K
  class space    used 765K, capacity 810K, committed 896K, reserved 1048576K
}
Event: 0.532 GC heap before
{Heap before GC invocations=9 (full 0):
 PSYoungGen      total 9216K, used 8441K [0x00000000d5800000, 0x00000000d6200000, 0x0000000100000000)
  eden space 8192K, 100% used [0x00000000d5800000,0x00000000d6000000,0x00000000d6000000)
  from space 1024K, 24% used [0x00000000d6100000,0x00000000d613e430,0x00000000d6200000)
  to   space 1024K, 0% used [0x00000000d6000000,0x00000000d6000000,0x00000000d6100000)
 ParOldGen       total 129536K, used 3354K [0x0000000080800000, 0x0000000088680000, 0x00000000d5800000)
  object space 129536K, 2% used [0x0000000080800000,0x0000000080b46b60,0x0000000088680000)
 Metaspace       used 7069K, capacity 7178K, committed 7296K, reserved 1056768K
  class space    used 766K, capacity 810K, committed 896K, reserved 1048576K
Event: 0.540 GC heap after
Heap after GC invocations=9 (full 0):
 PSYoungGen      total 9216K, used 96K [0x00000000d5800000, 0x00000000d6800000, 0x0000000100000000)
  eden space 8192K, 0% used [0x00000000d5800000,0x00000000d5800000,0x00000000d6000000)
  from space 1024K, 9% used [0x00000000d6000000,0x00000000d6018000,0x00000000d6100000)
  to   space 1536K, 0% used [0x00000000d6680000,0x00000000d6680000,0x00000000d6800000)
 ParOldGen       total 129536K, used 3591K [0x0000000080800000, 0x0000000088680000, 0x00000000d5800000)
  object space 129536K, 2% used [0x0000000080800000,0x0000000080b81fa0,0x0000000088680000)
 Metaspace       used 7069K, capacity 7178K, committed 7296K, reserved 1056768K
  class space    used 766K, capacity 810K, committed 896K, reserved 1048576K
}
Event: 0.603 GC heap before
{Heap before GC invocations=10 (full 0):
 PSYoungGen      total 9216K, used 8288K [0x00000000d5800000, 0x00000000d6800000, 0x0000000100000000)
  eden space 8192K, 100% used [0x00000000d5800000,0x00000000d6000000,0x00000000d6000000)
  from space 1024K, 9% used [0x00000000d6000000,0x00000000d6018000,0x00000000d6100000)
  to   space 1536K, 0% used [0x00000000d6680000,0x00000000d6680000,0x00000000d6800000)
 ParOldGen       total 129536K, used 3591K [0x0000000080800000, 0x0000000088680000, 0x00000000d5800000)
  object space 129536K, 2% used [0x0000000080800000,0x0000000080b81fa0,0x0000000088680000)
 Metaspace       used 7072K, capacity 7178K, committed 7296K, reserved 1056768K
  class space    used 767K, capacity 810K, committed 896K, reserved 1048576K
Event: 0.607 GC heap after
Heap after GC invocations=10 (full 0):
 PSYoungGen      total 14848K, used 64K [0x00000000d5800000, 0x00000000d6800000, 0x0000000100000000)
  eden space 13312K, 0% used [0x00000000d5800000,0x00000000d5800000,0x00000000d6500000)
  from space 1536K, 4% used [0x00000000d6680000,0x00000000d6690000,0x00000000d6800000)
  to   space 1536K, 0% used [0x00000000d6500000,0x00000000d6500000,0x00000000d6680000)
 ParOldGen       total 129536K, used 3599K [0x0000000080800000, 0x0000000088680000, 0x00000000d5800000)
  object space 129536K, 2% used [0x0000000080800000,0x0000000080b83fa0,0x0000000088680000)
 Metaspace       used 7072K, capacity 7178K, committed 7296K, reserved 1056768K
  class space    used 767K, capacity 810K, committed 896K, reserved 1048576K
}
Event: 0.838 GC heap before
{Heap before GC invocations=11 (full 0):
 PSYoungGen      total 14848K, used 13376K [0x00000000d5800000, 0x00000000d6800000, 0x0000000100000000)
  eden space 13312K, 100% used [0x00000000d5800000,0x00000000d6500000,0x00000000d6500000)
  from space 1536K, 4% used [0x00000000d6680000,0x00000000d6690000,0x00000000d6800000)
  to   space 1536K, 0% used [0x00000000d6500000,0x00000000d6500000,0x00000000d6680000)
 ParOldGen       total 129536K, used 3599K [0x0000000080800000, 0x0000000088680000, 0x00000000d5800000)
  object space 129536K, 2% used [0x0000000080800000,0x0000000080b83fa0,0x0000000088680000)
 Metaspace       used 10465K, capacity 10544K, committed 10752K, reserved 1058816K
  class space    used 1209K, capacity 1228K, committed 1280K, reserved 1048576K
Event: 0.839 GC heap after
Heap after GC invocations=11 (full 0):
 PSYoungGen      total 14848K, used 760K [0x00000000d5800000, 0x00000000d7000000, 0x0000000100000000)
  eden space 13312K, 0% used [0x00000000d5800000,0x00000000d5800000,0x00000000d6500000)
  from space 1536K, 49% used [0x00000000d6500000,0x00000000d65be1a8,0x00000000d6680000)
  to   space 1536K, 0% used [0x00000000d6e80000,0x00000000d6e80000,0x00000000d7000000)
 ParOldGen       total 129536K, used 3631K [0x0000000080800000, 0x0000000088680000, 0x00000000d5800000)
  object space 129536K, 2% used [0x0000000080800000,0x0000000080b8bfa0,0x0000000088680000)
 Metaspace       used 10465K, capacity 10544K, committed 10752K, reserved 1058816K
  class space    used 1209K, capacity 1228K, committed 1280K, reserved 1048576K
}

